2020/05/29 11:35:36 [INFO] Terraform version: 0.12.25  
2020/05/29 11:35:36 [INFO] Go runtime version: go1.13.10
2020/05/29 11:35:36 [INFO] CLI args: []string{"/usr/local/bin/terraform", "apply"}
2020/05/29 11:35:36 [DEBUG] Attempting to open CLI config file: /Users/johnt/.terraformrc
2020/05/29 11:35:36 [DEBUG] File doesn't exist, but doesn't need to. Ignoring.
2020/05/29 11:35:36 [DEBUG] checking for credentials in "/Users/johnt/.terraform.d/plugins"
2020/05/29 11:35:36 [DEBUG] checking for credentials in "/Users/johnt/.terraform.d/plugins/darwin_amd64"
2020/05/29 11:35:36 [INFO] CLI command args: []string{"apply"}
2020/05/29 11:35:36 [WARN] Invalid log level: "1". Defaulting to level: TRACE. Valid levels are: [TRACE DEBUG INFO WARN ERROR]
2020/05/29 11:35:36 [TRACE] Meta.Backend: no config given or present on disk, so returning nil config
2020/05/29 11:35:36 [TRACE] Meta.Backend: backend has not previously been initialized in this working directory
2020/05/29 11:35:36 [DEBUG] New state was assigned lineage "8fe0dadf-7ab3-26bd-8a6f-1e3eaaf696df"
2020/05/29 11:35:36 [TRACE] Meta.Backend: using default local state only (no backend configuration, and no existing initialized backend)
2020/05/29 11:35:36 [TRACE] Meta.Backend: instantiated backend of type <nil>
2020/05/29 11:35:36 [DEBUG] checking for provider in "."
2020/05/29 11:35:36 [DEBUG] checking for provider in "/usr/local/bin"
2020/05/29 11:35:36 [DEBUG] checking for provider in ".terraform/plugins/darwin_amd64"
2020/05/29 11:35:36 [DEBUG] checking for provider in "/Users/johnt/.terraform.d/plugins"
2020/05/29 11:35:36 [DEBUG] checking for provider in "/Users/johnt/.terraform.d/plugins/darwin_amd64"
2020/05/29 11:35:36 [WARN] found legacy provider "terraform-provider-illumos"
2020/05/29 11:35:36 [WARN] found legacy provider "terraform-provider-smartos"
2020/05/29 11:35:36 [WARN] found legacy provider "terraform-provider-smartos-cluster"
2020/05/29 11:35:36 [DEBUG] found valid plugin: "illumos", "0.0.0", "/Users/johnt/.terraform.d/plugins/darwin_amd64/terraform-provider-illumos"
2020/05/29 11:35:36 [DEBUG] found valid plugin: "smartos", "0.0.0", "/Users/johnt/.terraform.d/plugins/darwin_amd64/terraform-provider-smartos"
2020/05/29 11:35:36 [DEBUG] found valid plugin: "smartos-cluster", "0.0.0", "/Users/johnt/.terraform.d/plugins/darwin_amd64/terraform-provider-smartos-cluster"
2020/05/29 11:35:36 [DEBUG] checking for provisioner in "."
2020/05/29 11:35:36 [DEBUG] checking for provisioner in "/usr/local/bin"
2020/05/29 11:35:36 [DEBUG] checking for provisioner in ".terraform/plugins/darwin_amd64"
2020/05/29 11:35:36 [DEBUG] checking for provisioner in "/Users/johnt/.terraform.d/plugins"
2020/05/29 11:35:36 [DEBUG] checking for provisioner in "/Users/johnt/.terraform.d/plugins/darwin_amd64"
2020/05/29 11:35:36 [TRACE] Meta.Backend: backend <nil> does not support operations, so wrapping it in a local backend
2020/05/29 11:35:36 [INFO] backend/local: starting Apply operation
2020/05/29 11:35:36 [TRACE] backend/local: requesting state manager for workspace "default"
2020/05/29 11:35:36 [TRACE] backend/local: state manager for workspace "default" will:
 - read initial snapshot from terraform.tfstate
 - write new snapshots to terraform.tfstate
 - create any backup at terraform.tfstate.backup
2020/05/29 11:35:36 [TRACE] backend/local: requesting state lock for workspace "default"
2020/05/29 11:35:36 [TRACE] statemgr.Filesystem: preparing to manage state snapshots at terraform.tfstate
2020/05/29 11:35:36 [TRACE] statemgr.Filesystem: existing snapshot has lineage "aedc7c37-eef1-22a7-bdbe-08d46887f274" serial 1
2020/05/29 11:35:36 [TRACE] statemgr.Filesystem: locking terraform.tfstate using fcntl flock
2020/05/29 11:35:36 [TRACE] statemgr.Filesystem: writing lock metadata to .terraform.tfstate.lock.info
2020/05/29 11:35:36 [TRACE] backend/local: reading remote state for workspace "default"
2020/05/29 11:35:36 [TRACE] statemgr.Filesystem: reading latest snapshot from terraform.tfstate
2020/05/29 11:35:36 [TRACE] statemgr.Filesystem: read snapshot with lineage "aedc7c37-eef1-22a7-bdbe-08d46887f274" serial 1
2020/05/29 11:35:36 [TRACE] backend/local: retrieving local state snapshot for workspace "default"
2020/05/29 11:35:36 [TRACE] backend/local: building context for current working directory
2020/05/29 11:35:36 [TRACE] terraform.NewContext: starting
2020/05/29 11:35:36 [TRACE] terraform.NewContext: resolving provider version selections
2020/05/29 11:35:36 [TRACE] terraform.NewContext: loading provider schemas
2020/05/29 11:35:36 [TRACE] LoadSchemas: retrieving schema for provider type "smartos-cluster"
2020-05-29T11:35:36.989-0700 [INFO]  plugin: configuring client automatic mTLS
2020-05-29T11:35:37.013-0700 [DEBUG] plugin: starting plugin: path=/Users/johnt/.terraform.d/plugins/darwin_amd64/terraform-provider-smartos-cluster args=[/Users/johnt/.terraform.d/plugins/darwin_amd64/terraform-provider-smartos-cluster]
2020-05-29T11:35:37.016-0700 [DEBUG] plugin: plugin started: path=/Users/johnt/.terraform.d/plugins/darwin_amd64/terraform-provider-smartos-cluster pid=75065
2020-05-29T11:35:37.016-0700 [DEBUG] plugin: waiting for RPC address: path=/Users/johnt/.terraform.d/plugins/darwin_amd64/terraform-provider-smartos-cluster
2020-05-29T11:35:37.288-0700 [INFO]  plugin.terraform-provider-smartos-cluster: configuring server automatic mTLS: timestamp=2020-05-29T11:35:37.288-0700
2020-05-29T11:35:37.309-0700 [DEBUG] plugin: using plugin: version=5
2020-05-29T11:35:37.309-0700 [DEBUG] plugin.terraform-provider-smartos-cluster: plugin address: address=/var/folders/nr/dj9dgghd1hg0ngvnsfhdc4z80000gn/T/plugin128241740 network=unix timestamp=2020-05-29T11:35:37.309-0700
2020/05/29 11:35:37 [TRACE] GRPCProvider: GetSchema
2020/05/29 11:35:37 [TRACE] GRPCProvider: Close
2020-05-29T11:35:37.359-0700 [DEBUG] plugin: plugin process exited: path=/Users/johnt/.terraform.d/plugins/darwin_amd64/terraform-provider-smartos-cluster pid=75065
2020-05-29T11:35:37.359-0700 [DEBUG] plugin: plugin exited
2020/05/29 11:35:37 [TRACE] LoadSchemas: retrieving schema for provisioner "remote-exec"
2020-05-29T11:35:37.359-0700 [DEBUG] plugin: starting plugin: path=/usr/local/bin/terraform args=[/usr/local/bin/terraform, internal-plugin, provisioner, remote-exec]
2020-05-29T11:35:37.361-0700 [DEBUG] plugin: plugin started: path=/usr/local/bin/terraform pid=75066
2020-05-29T11:35:37.362-0700 [DEBUG] plugin: waiting for RPC address: path=/usr/local/bin/terraform
2020-05-29T11:35:37.376-0700 [DEBUG] plugin.terraform: 2020/05/29 11:35:37 [WARN] Invalid log level: "1". Defaulting to level: TRACE. Valid levels are: [TRACE DEBUG INFO WARN ERROR]
2020-05-29T11:35:37.393-0700 [DEBUG] plugin.terraform: 2020/05/29 11:35:37 [INFO] Terraform version: 0.12.25  
2020-05-29T11:35:37.393-0700 [DEBUG] plugin.terraform: 2020/05/29 11:35:37 [INFO] Go runtime version: go1.13.10
2020-05-29T11:35:37.393-0700 [DEBUG] plugin.terraform: 2020/05/29 11:35:37 [INFO] CLI args: []string{"/usr/local/bin/terraform", "internal-plugin", "provisioner", "remote-exec"}
2020-05-29T11:35:37.393-0700 [DEBUG] plugin.terraform: 2020/05/29 11:35:37 [DEBUG] Attempting to open CLI config file: /Users/johnt/.terraformrc
2020-05-29T11:35:37.393-0700 [DEBUG] plugin.terraform: 2020/05/29 11:35:37 [DEBUG] File doesn't exist, but doesn't need to. Ignoring.
2020-05-29T11:35:37.393-0700 [DEBUG] plugin.terraform: 2020/05/29 11:35:37 [DEBUG] checking for credentials in "/Users/johnt/.terraform.d/plugins"
2020-05-29T11:35:37.393-0700 [DEBUG] plugin.terraform: 2020/05/29 11:35:37 [DEBUG] checking for credentials in "/Users/johnt/.terraform.d/plugins/darwin_amd64"
2020-05-29T11:35:37.393-0700 [DEBUG] plugin.terraform: 2020/05/29 11:35:37 [INFO] CLI command args: []string{"internal-plugin", "provisioner", "remote-exec"}
2020-05-29T11:35:37.393-0700 [DEBUG] plugin.terraform: remote-exec-provisioner (internal) 2020/05/29 11:35:37 [INFO] Starting provisioner plugin remote-exec
2020-05-29T11:35:37.394-0700 [DEBUG] plugin.terraform: plugin address: address=/var/folders/nr/dj9dgghd1hg0ngvnsfhdc4z80000gn/T/plugin466328606 network=unix timestamp=2020-05-29T11:35:37.394-0700
2020-05-29T11:35:37.394-0700 [DEBUG] plugin: using plugin: version=5
2020-05-29T11:35:37.399-0700 [DEBUG] plugin: plugin process exited: path=/usr/local/bin/terraform pid=75066
2020-05-29T11:35:37.399-0700 [DEBUG] plugin: plugin exited
2020/05/29 11:35:37 [TRACE] terraform.NewContext: complete
2020/05/29 11:35:37 [TRACE] backend/local: finished building terraform.Context
2020/05/29 11:35:37 [TRACE] backend/local: requesting interactive input, if necessary
2020/05/29 11:35:37 [TRACE] Context.Input: Prompting for provider arguments
2020/05/29 11:35:37 [TRACE] Context.Input: Provider provider.smartos-cluster declared at sample.tf:1,1-27
2020/05/29 11:35:37 [TRACE] Context.Input: Input for provider.smartos-cluster: map[string]cty.Value{}
2020/05/29 11:35:37 [TRACE] backend/local: running validation operation
2020/05/29 11:35:37 [INFO] terraform: building graph: GraphTypeValidate
2020/05/29 11:35:37 [TRACE] Executing graph transform *terraform.ConfigTransformer
2020/05/29 11:35:37 [TRACE] ConfigTransformer: Starting for path: 
2020/05/29 11:35:37 [TRACE] Completed graph transform *terraform.ConfigTransformer with new graph:
  data.smartos-cluster_image.illumos - *terraform.NodeValidatableResource
  smartos-cluster_machine.illumos - *terraform.NodeValidatableResource
  ------
2020/05/29 11:35:37 [TRACE] Executing graph transform *terraform.LocalTransformer
2020/05/29 11:35:37 [TRACE] Completed graph transform *terraform.LocalTransformer (no changes)
2020/05/29 11:35:37 [TRACE] Executing graph transform *terraform.OutputTransformer
2020/05/29 11:35:37 [TRACE] Completed graph transform *terraform.OutputTransformer (no changes)
2020/05/29 11:35:37 [TRACE] Executing graph transform *terraform.OrphanResourceInstanceTransformer
2020/05/29 11:35:37 [TRACE] Completed graph transform *terraform.OrphanResourceInstanceTransformer (no changes)
2020/05/29 11:35:37 [TRACE] Executing graph transform *terraform.StateTransformer
2020/05/29 11:35:37 [TRACE] StateTransformer: creating nodes for deposed instance objects only
2020/05/29 11:35:37 [TRACE] Completed graph transform *terraform.StateTransformer (no changes)
2020/05/29 11:35:37 [TRACE] Executing graph transform *terraform.OrphanOutputTransformer
2020/05/29 11:35:37 [TRACE] Completed graph transform *terraform.OrphanOutputTransformer (no changes)
2020/05/29 11:35:37 [TRACE] Executing graph transform *terraform.AttachResourceConfigTransformer
2020/05/29 11:35:37 [TRACE] AttachResourceConfigTransformer: attaching to "data.smartos-cluster_image.illumos" (*terraform.NodeValidatableResource) config from hcl.Range{Filename:"sample.tf", Start:hcl.Pos{Line:8, Column:1, Byte:102}, End:hcl.Pos{Line:8, Column:39, Byte:140}}
2020/05/29 11:35:37 [TRACE] AttachResourceConfigTransformer: attaching to "smartos-cluster_machine.illumos" (*terraform.NodeValidatableResource) config from sample.tf:14,1-45
2020/05/29 11:35:37 [TRACE] Completed graph transform *terraform.AttachResourceConfigTransformer (no changes)
2020/05/29 11:35:37 [TRACE] Executing graph transform *terraform.AttachStateTransformer
2020/05/29 11:35:37 [TRACE] Completed graph transform *terraform.AttachStateTransformer (no changes)
2020/05/29 11:35:37 [TRACE] Executing graph transform *terraform.RootVariableTransformer
2020/05/29 11:35:37 [TRACE] Completed graph transform *terraform.RootVariableTransformer (no changes)
2020/05/29 11:35:37 [TRACE] Executing graph transform *terraform.MissingProvisionerTransformer
2020/05/29 11:35:37 [TRACE] MissingProviderTransformer: added implicit provisioner remote-exec, first implied by smartos-cluster_machine.illumos
2020/05/29 11:35:37 [TRACE] Completed graph transform *terraform.MissingProvisionerTransformer with new graph:
  data.smartos-cluster_image.illumos - *terraform.NodeValidatableResource
  provisioner.remote-exec - *terraform.NodeProvisioner
  smartos-cluster_machine.illumos - *terraform.NodeValidatableResource
  ------
2020/05/29 11:35:37 [TRACE] Executing graph transform *terraform.ProvisionerTransformer
2020/05/29 11:35:37 [TRACE] ProvisionerTransformer: smartos-cluster_machine.illumos is provisioned by remote-exec ("provisioner.remote-exec")
2020/05/29 11:35:37 [TRACE] Completed graph transform *terraform.ProvisionerTransformer with new graph:
  data.smartos-cluster_image.illumos - *terraform.NodeValidatableResource
  provisioner.remote-exec - *terraform.NodeProvisioner
  smartos-cluster_machine.illumos - *terraform.NodeValidatableResource
    provisioner.remote-exec - *terraform.NodeProvisioner
  ------
2020/05/29 11:35:37 [TRACE] Executing graph transform *terraform.ModuleVariableTransformer
2020/05/29 11:35:37 [TRACE] Completed graph transform *terraform.ModuleVariableTransformer (no changes)
2020/05/29 11:35:37 [TRACE] Executing graph transform *terraform.graphTransformerMulti
2020/05/29 11:35:37 [TRACE] (graphTransformerMulti) Executing graph transform *terraform.ProviderConfigTransformer
2020/05/29 11:35:37 [TRACE] ProviderConfigTransformer: attaching to "provider.smartos-cluster" provider configuration from sample.tf:1,1-27
2020/05/29 11:35:37 [TRACE] (graphTransformerMulti) Completed graph transform *terraform.ProviderConfigTransformer with new graph:
  data.smartos-cluster_image.illumos - *terraform.NodeValidatableResource
  provider.smartos-cluster - *terraform.NodeApplyableProvider
  provisioner.remote-exec - *terraform.NodeProvisioner
  smartos-cluster_machine.illumos - *terraform.NodeValidatableResource
    provisioner.remote-exec - *terraform.NodeProvisioner
  ------
2020/05/29 11:35:37 [TRACE] (graphTransformerMulti) Executing graph transform *terraform.MissingProviderTransformer
2020/05/29 11:35:37 [TRACE] (graphTransformerMulti) Completed graph transform *terraform.MissingProviderTransformer (no changes)
2020/05/29 11:35:37 [TRACE] (graphTransformerMulti) Executing graph transform *terraform.ProviderTransformer
2020/05/29 11:35:37 [TRACE] ProviderTransformer: data.smartos-cluster_image.illumos is provided by provider.smartos-cluster or inherited equivalent
2020/05/29 11:35:37 [TRACE] ProviderTransformer: smartos-cluster_machine.illumos is provided by provider.smartos-cluster or inherited equivalent
2020/05/29 11:35:37 [TRACE] ProviderTransformer: exact match for provider.smartos-cluster serving smartos-cluster_machine.illumos
2020/05/29 11:35:37 [DEBUG] ProviderTransformer: "smartos-cluster_machine.illumos" (*terraform.NodeValidatableResource) needs provider.smartos-cluster
2020/05/29 11:35:37 [TRACE] ProviderTransformer: exact match for provider.smartos-cluster serving data.smartos-cluster_image.illumos
2020/05/29 11:35:37 [DEBUG] ProviderTransformer: "data.smartos-cluster_image.illumos" (*terraform.NodeValidatableResource) needs provider.smartos-cluster
2020/05/29 11:35:37 [TRACE] (graphTransformerMulti) Completed graph transform *terraform.ProviderTransformer with new graph:
  data.smartos-cluster_image.illumos - *terraform.NodeValidatableResource
    provider.smartos-cluster - *terraform.NodeApplyableProvider
  provider.smartos-cluster - *terraform.NodeApplyableProvider
  provisioner.remote-exec - *terraform.NodeProvisioner
  smartos-cluster_machine.illumos - *terraform.NodeValidatableResource
    provider.smartos-cluster - *terraform.NodeApplyableProvider
    provisioner.remote-exec - *terraform.NodeProvisioner
  ------
2020/05/29 11:35:37 [TRACE] (graphTransformerMulti) Executing graph transform *terraform.PruneProviderTransformer
2020/05/29 11:35:37 [TRACE] (graphTransformerMulti) Completed graph transform *terraform.PruneProviderTransformer (no changes)
2020/05/29 11:35:37 [TRACE] (graphTransformerMulti) Executing graph transform *terraform.ParentProviderTransformer
2020/05/29 11:35:37 [TRACE] (graphTransformerMulti) Completed graph transform *terraform.ParentProviderTransformer (no changes)
2020/05/29 11:35:37 [TRACE] Completed graph transform *terraform.graphTransformerMulti with new graph:
  data.smartos-cluster_image.illumos - *terraform.NodeValidatableResource
    provider.smartos-cluster - *terraform.NodeApplyableProvider
  provider.smartos-cluster - *terraform.NodeApplyableProvider
  provisioner.remote-exec - *terraform.NodeProvisioner
  smartos-cluster_machine.illumos - *terraform.NodeValidatableResource
    provider.smartos-cluster - *terraform.NodeApplyableProvider
    provisioner.remote-exec - *terraform.NodeProvisioner
  ------
2020/05/29 11:35:37 [TRACE] Executing graph transform *terraform.RemovedModuleTransformer
2020/05/29 11:35:37 [TRACE] Completed graph transform *terraform.RemovedModuleTransformer (no changes)
2020/05/29 11:35:37 [TRACE] Executing graph transform *terraform.AttachSchemaTransformer
2020/05/29 11:35:37 [TRACE] AttachSchemaTransformer: attaching resource schema to data.smartos-cluster_image.illumos
2020/05/29 11:35:37 [TRACE] AttachSchemaTransformer: attaching provider config schema to provider.smartos-cluster
2020/05/29 11:35:37 [TRACE] AttachSchemaTransformer: attaching resource schema to smartos-cluster_machine.illumos
2020/05/29 11:35:37 [TRACE] AttachSchemaTransformer: attaching provisioner "remote-exec" config schema to smartos-cluster_machine.illumos
2020/05/29 11:35:37 [TRACE] Completed graph transform *terraform.AttachSchemaTransformer (no changes)
2020/05/29 11:35:37 [TRACE] Executing graph transform *terraform.ReferenceTransformer
2020/05/29 11:35:37 [DEBUG] ReferenceTransformer: "smartos-cluster_machine.illumos" references: [data.smartos-cluster_image.illumos]
2020/05/29 11:35:37 [DEBUG] ReferenceTransformer: "data.smartos-cluster_image.illumos" references: []
2020/05/29 11:35:37 [DEBUG] ReferenceTransformer: "provisioner.remote-exec" references: []
2020/05/29 11:35:37 [DEBUG] ReferenceTransformer: "provider.smartos-cluster" references: []
2020/05/29 11:35:37 [TRACE] Completed graph transform *terraform.ReferenceTransformer with new graph:
  data.smartos-cluster_image.illumos - *terraform.NodeValidatableResource
    provider.smartos-cluster - *terraform.NodeApplyableProvider
  provider.smartos-cluster - *terraform.NodeApplyableProvider
  provisioner.remote-exec - *terraform.NodeProvisioner
  smartos-cluster_machine.illumos - *terraform.NodeValidatableResource
    data.smartos-cluster_image.illumos - *terraform.NodeValidatableResource
    provider.smartos-cluster - *terraform.NodeApplyableProvider
    provisioner.remote-exec - *terraform.NodeProvisioner
  ------
2020/05/29 11:35:37 [TRACE] Executing graph transform *terraform.CountBoundaryTransformer
2020/05/29 11:35:37 [TRACE] Completed graph transform *terraform.CountBoundaryTransformer with new graph:
  data.smartos-cluster_image.illumos - *terraform.NodeValidatableResource
    provider.smartos-cluster - *terraform.NodeApplyableProvider
  meta.count-boundary (EachMode fixup) - *terraform.NodeCountBoundary
    data.smartos-cluster_image.illumos - *terraform.NodeValidatableResource
    provider.smartos-cluster - *terraform.NodeApplyableProvider
    provisioner.remote-exec - *terraform.NodeProvisioner
    smartos-cluster_machine.illumos - *terraform.NodeValidatableResource
  provider.smartos-cluster - *terraform.NodeApplyableProvider
  provisioner.remote-exec - *terraform.NodeProvisioner
  smartos-cluster_machine.illumos - *terraform.NodeValidatableResource
    data.smartos-cluster_image.illumos - *terraform.NodeValidatableResource
    provider.smartos-cluster - *terraform.NodeApplyableProvider
    provisioner.remote-exec - *terraform.NodeProvisioner
  ------
2020/05/29 11:35:37 [TRACE] Executing graph transform *terraform.TargetsTransformer
2020/05/29 11:35:37 [TRACE] Completed graph transform *terraform.TargetsTransformer (no changes)
2020/05/29 11:35:37 [TRACE] Executing graph transform *terraform.ForcedCBDTransformer
2020/05/29 11:35:37 [TRACE] Completed graph transform *terraform.ForcedCBDTransformer (no changes)
2020/05/29 11:35:37 [TRACE] Executing graph transform *terraform.CloseProviderTransformer
2020/05/29 11:35:37 [TRACE] Completed graph transform *terraform.CloseProviderTransformer with new graph:
  data.smartos-cluster_image.illumos - *terraform.NodeValidatableResource
    provider.smartos-cluster - *terraform.NodeApplyableProvider
  meta.count-boundary (EachMode fixup) - *terraform.NodeCountBoundary
    data.smartos-cluster_image.illumos - *terraform.NodeValidatableResource
    provider.smartos-cluster - *terraform.NodeApplyableProvider
    provisioner.remote-exec - *terraform.NodeProvisioner
    smartos-cluster_machine.illumos - *terraform.NodeValidatableResource
  provider.smartos-cluster - *terraform.NodeApplyableProvider
  provider.smartos-cluster (close) - *terraform.graphNodeCloseProvider
    data.smartos-cluster_image.illumos - *terraform.NodeValidatableResource
    provider.smartos-cluster - *terraform.NodeApplyableProvider
    smartos-cluster_machine.illumos - *terraform.NodeValidatableResource
  provisioner.remote-exec - *terraform.NodeProvisioner
  smartos-cluster_machine.illumos - *terraform.NodeValidatableResource
    data.smartos-cluster_image.illumos - *terraform.NodeValidatableResource
    provider.smartos-cluster - *terraform.NodeApplyableProvider
    provisioner.remote-exec - *terraform.NodeProvisioner
  ------
2020/05/29 11:35:37 [TRACE] Executing graph transform *terraform.CloseProvisionerTransformer
2020/05/29 11:35:37 [TRACE] Completed graph transform *terraform.CloseProvisionerTransformer with new graph:
  data.smartos-cluster_image.illumos - *terraform.NodeValidatableResource
    provider.smartos-cluster - *terraform.NodeApplyableProvider
  meta.count-boundary (EachMode fixup) - *terraform.NodeCountBoundary
    data.smartos-cluster_image.illumos - *terraform.NodeValidatableResource
    provider.smartos-cluster - *terraform.NodeApplyableProvider
    provisioner.remote-exec - *terraform.NodeProvisioner
    smartos-cluster_machine.illumos - *terraform.NodeValidatableResource
  provider.smartos-cluster - *terraform.NodeApplyableProvider
  provider.smartos-cluster (close) - *terraform.graphNodeCloseProvider
    data.smartos-cluster_image.illumos - *terraform.NodeValidatableResource
    provider.smartos-cluster - *terraform.NodeApplyableProvider
    smartos-cluster_machine.illumos - *terraform.NodeValidatableResource
  provisioner.remote-exec - *terraform.NodeProvisioner
  provisioner.remote-exec (close) - *terraform.graphNodeCloseProvisioner
    smartos-cluster_machine.illumos - *terraform.NodeValidatableResource
  smartos-cluster_machine.illumos - *terraform.NodeValidatableResource
    data.smartos-cluster_image.illumos - *terraform.NodeValidatableResource
    provider.smartos-cluster - *terraform.NodeApplyableProvider
    provisioner.remote-exec - *terraform.NodeProvisioner
  ------
2020/05/29 11:35:37 [TRACE] Executing graph transform *terraform.RootTransformer
2020/05/29 11:35:37 [TRACE] Completed graph transform *terraform.RootTransformer with new graph:
  data.smartos-cluster_image.illumos - *terraform.NodeValidatableResource
    provider.smartos-cluster - *terraform.NodeApplyableProvider
  meta.count-boundary (EachMode fixup) - *terraform.NodeCountBoundary
    data.smartos-cluster_image.illumos - *terraform.NodeValidatableResource
    provider.smartos-cluster - *terraform.NodeApplyableProvider
    provisioner.remote-exec - *terraform.NodeProvisioner
    smartos-cluster_machine.illumos - *terraform.NodeValidatableResource
  provider.smartos-cluster - *terraform.NodeApplyableProvider
  provider.smartos-cluster (close) - *terraform.graphNodeCloseProvider
    data.smartos-cluster_image.illumos - *terraform.NodeValidatableResource
    provider.smartos-cluster - *terraform.NodeApplyableProvider
    smartos-cluster_machine.illumos - *terraform.NodeValidatableResource
  provisioner.remote-exec - *terraform.NodeProvisioner
  provisioner.remote-exec (close) - *terraform.graphNodeCloseProvisioner
    smartos-cluster_machine.illumos - *terraform.NodeValidatableResource
  root - terraform.graphNodeRoot
    meta.count-boundary (EachMode fixup) - *terraform.NodeCountBoundary
    provider.smartos-cluster (close) - *terraform.graphNodeCloseProvider
    provisioner.remote-exec (close) - *terraform.graphNodeCloseProvisioner
  smartos-cluster_machine.illumos - *terraform.NodeValidatableResource
    data.smartos-cluster_image.illumos - *terraform.NodeValidatableResource
    provider.smartos-cluster - *terraform.NodeApplyableProvider
    provisioner.remote-exec - *terraform.NodeProvisioner
  ------
2020/05/29 11:35:37 [TRACE] Executing graph transform *terraform.TransitiveReductionTransformer
2020/05/29 11:35:37 [TRACE] Completed graph transform *terraform.TransitiveReductionTransformer with new graph:
  data.smartos-cluster_image.illumos - *terraform.NodeValidatableResource
    provider.smartos-cluster - *terraform.NodeApplyableProvider
  meta.count-boundary (EachMode fixup) - *terraform.NodeCountBoundary
    smartos-cluster_machine.illumos - *terraform.NodeValidatableResource
  provider.smartos-cluster - *terraform.NodeApplyableProvider
  provider.smartos-cluster (close) - *terraform.graphNodeCloseProvider
    smartos-cluster_machine.illumos - *terraform.NodeValidatableResource
  provisioner.remote-exec - *terraform.NodeProvisioner
  provisioner.remote-exec (close) - *terraform.graphNodeCloseProvisioner
    smartos-cluster_machine.illumos - *terraform.NodeValidatableResource
  root - terraform.graphNodeRoot
    meta.count-boundary (EachMode fixup) - *terraform.NodeCountBoundary
    provider.smartos-cluster (close) - *terraform.graphNodeCloseProvider
    provisioner.remote-exec (close) - *terraform.graphNodeCloseProvisioner
  smartos-cluster_machine.illumos - *terraform.NodeValidatableResource
    data.smartos-cluster_image.illumos - *terraform.NodeValidatableResource
    provisioner.remote-exec - *terraform.NodeProvisioner
  ------
2020/05/29 11:35:37 [DEBUG] Starting graph walk: walkValidate
2020/05/29 11:35:37 [TRACE] dag/walk: updating graph
2020/05/29 11:35:37 [TRACE] dag/walk: added new vertex: "data.smartos-cluster_image.illumos"
2020/05/29 11:35:37 [TRACE] dag/walk: added new vertex: "provisioner.remote-exec"
2020/05/29 11:35:37 [TRACE] dag/walk: added new vertex: "provider.smartos-cluster"
2020/05/29 11:35:37 [TRACE] dag/walk: added new vertex: "meta.count-boundary (EachMode fixup)"
2020/05/29 11:35:37 [TRACE] dag/walk: added new vertex: "provider.smartos-cluster (close)"
2020/05/29 11:35:37 [TRACE] dag/walk: added new vertex: "provisioner.remote-exec (close)"
2020/05/29 11:35:37 [TRACE] dag/walk: added new vertex: "root"
2020/05/29 11:35:37 [TRACE] dag/walk: added new vertex: "smartos-cluster_machine.illumos"
2020/05/29 11:35:37 [TRACE] dag/walk: added edge: "root" waiting on "meta.count-boundary (EachMode fixup)"
2020/05/29 11:35:37 [TRACE] dag/walk: added edge: "data.smartos-cluster_image.illumos" waiting on "provider.smartos-cluster"
2020/05/29 11:35:37 [TRACE] dag/walk: added edge: "provisioner.remote-exec (close)" waiting on "smartos-cluster_machine.illumos"
2020/05/29 11:35:37 [TRACE] dag/walk: added edge: "smartos-cluster_machine.illumos" waiting on "provisioner.remote-exec"
2020/05/29 11:35:37 [TRACE] dag/walk: added edge: "root" waiting on "provider.smartos-cluster (close)"
2020/05/29 11:35:37 [TRACE] dag/walk: added edge: "root" waiting on "provisioner.remote-exec (close)"
2020/05/29 11:35:37 [TRACE] dag/walk: added edge: "provider.smartos-cluster (close)" waiting on "smartos-cluster_machine.illumos"
2020/05/29 11:35:37 [TRACE] dag/walk: added edge: "smartos-cluster_machine.illumos" waiting on "data.smartos-cluster_image.illumos"
2020/05/29 11:35:37 [TRACE] dag/walk: added edge: "meta.count-boundary (EachMode fixup)" waiting on "smartos-cluster_machine.illumos"
2020/05/29 11:35:37 [TRACE] dag/walk: dependencies changed for "data.smartos-cluster_image.illumos", sending new deps
2020/05/29 11:35:37 [TRACE] dag/walk: dependencies changed for "provisioner.remote-exec (close)", sending new deps
2020/05/29 11:35:37 [TRACE] dag/walk: dependencies changed for "smartos-cluster_machine.illumos", sending new deps
2020/05/29 11:35:37 [TRACE] dag/walk: dependencies changed for "provider.smartos-cluster (close)", sending new deps
2020/05/29 11:35:37 [TRACE] dag/walk: dependencies changed for "meta.count-boundary (EachMode fixup)", sending new deps
2020/05/29 11:35:37 [TRACE] dag/walk: dependencies changed for "root", sending new deps
2020/05/29 11:35:37 [TRACE] dag/walk: visiting "provider.smartos-cluster"
2020/05/29 11:35:37 [TRACE] vertex "provider.smartos-cluster": starting visit (*terraform.NodeApplyableProvider)
2020/05/29 11:35:37 [TRACE] vertex "provider.smartos-cluster": evaluating
2020/05/29 11:35:37 [TRACE] dag/walk: visiting "provisioner.remote-exec"
2020/05/29 11:35:37 [TRACE] [walkValidate] Entering eval tree: provider.smartos-cluster
2020/05/29 11:35:37 [TRACE] vertex "provisioner.remote-exec": starting visit (*terraform.NodeProvisioner)
2020/05/29 11:35:37 [TRACE] vertex "provisioner.remote-exec": evaluating
2020/05/29 11:35:37 [TRACE] <root>: eval: *terraform.EvalSequence
2020/05/29 11:35:37 [TRACE] [walkValidate] Entering eval tree: provisioner.remote-exec
2020/05/29 11:35:37 [TRACE] <root>: eval: *terraform.EvalInitProvider
2020/05/29 11:35:37 [TRACE] <root>: eval: *terraform.EvalInitProvisioner
2020-05-29T11:35:37.400-0700 [INFO]  plugin: configuring client automatic mTLS
2020-05-29T11:35:37.401-0700 [DEBUG] plugin: starting plugin: path=/usr/local/bin/terraform args=[/usr/local/bin/terraform, internal-plugin, provisioner, remote-exec]
2020-05-29T11:35:37.402-0700 [DEBUG] plugin: plugin started: path=/usr/local/bin/terraform pid=75068
2020-05-29T11:35:37.402-0700 [DEBUG] plugin: waiting for RPC address: path=/usr/local/bin/terraform
2020-05-29T11:35:37.416-0700 [DEBUG] plugin.terraform: 2020/05/29 11:35:37 [WARN] Invalid log level: "1". Defaulting to level: TRACE. Valid levels are: [TRACE DEBUG INFO WARN ERROR]
2020-05-29T11:35:37.425-0700 [DEBUG] plugin: starting plugin: path=/Users/johnt/.terraform.d/plugins/darwin_amd64/terraform-provider-smartos-cluster args=[/Users/johnt/.terraform.d/plugins/darwin_amd64/terraform-provider-smartos-cluster]
2020-05-29T11:35:37.428-0700 [DEBUG] plugin: plugin started: path=/Users/johnt/.terraform.d/plugins/darwin_amd64/terraform-provider-smartos-cluster pid=75070
2020-05-29T11:35:37.428-0700 [DEBUG] plugin: waiting for RPC address: path=/Users/johnt/.terraform.d/plugins/darwin_amd64/terraform-provider-smartos-cluster
2020-05-29T11:35:37.432-0700 [DEBUG] plugin.terraform: 2020/05/29 11:35:37 [INFO] Terraform version: 0.12.25  
2020-05-29T11:35:37.432-0700 [DEBUG] plugin.terraform: 2020/05/29 11:35:37 [INFO] Go runtime version: go1.13.10
2020-05-29T11:35:37.432-0700 [DEBUG] plugin.terraform: 2020/05/29 11:35:37 [INFO] CLI args: []string{"/usr/local/bin/terraform", "internal-plugin", "provisioner", "remote-exec"}
2020-05-29T11:35:37.432-0700 [DEBUG] plugin.terraform: 2020/05/29 11:35:37 [DEBUG] Attempting to open CLI config file: /Users/johnt/.terraformrc
2020-05-29T11:35:37.432-0700 [DEBUG] plugin.terraform: 2020/05/29 11:35:37 [DEBUG] File doesn't exist, but doesn't need to. Ignoring.
2020-05-29T11:35:37.432-0700 [DEBUG] plugin.terraform: 2020/05/29 11:35:37 [DEBUG] checking for credentials in "/Users/johnt/.terraform.d/plugins"
2020-05-29T11:35:37.432-0700 [DEBUG] plugin.terraform: 2020/05/29 11:35:37 [DEBUG] checking for credentials in "/Users/johnt/.terraform.d/plugins/darwin_amd64"
2020-05-29T11:35:37.432-0700 [DEBUG] plugin.terraform: 2020/05/29 11:35:37 [INFO] CLI command args: []string{"internal-plugin", "provisioner", "remote-exec"}
2020-05-29T11:35:37.433-0700 [DEBUG] plugin.terraform: remote-exec-provisioner (internal) 2020/05/29 11:35:37 [INFO] Starting provisioner plugin remote-exec
2020-05-29T11:35:37.433-0700 [DEBUG] plugin.terraform: plugin address: address=/var/folders/nr/dj9dgghd1hg0ngvnsfhdc4z80000gn/T/plugin716811712 network=unix timestamp=2020-05-29T11:35:37.433-0700
2020-05-29T11:35:37.433-0700 [DEBUG] plugin: using plugin: version=5
2020/05/29 11:35:37 [TRACE] [walkValidate] Exiting eval tree: provisioner.remote-exec
2020/05/29 11:35:37 [TRACE] vertex "provisioner.remote-exec": visit complete
2020-05-29T11:35:37.447-0700 [INFO]  plugin.terraform-provider-smartos-cluster: configuring server automatic mTLS: timestamp=2020-05-29T11:35:37.447-0700
2020-05-29T11:35:37.472-0700 [DEBUG] plugin.terraform-provider-smartos-cluster: plugin address: address=/var/folders/nr/dj9dgghd1hg0ngvnsfhdc4z80000gn/T/plugin622390813 network=unix timestamp=2020-05-29T11:35:37.472-0700
2020-05-29T11:35:37.473-0700 [DEBUG] plugin: using plugin: version=5
2020/05/29 11:35:37 [TRACE] BuiltinEvalContext: Initialized "smartos-cluster" provider for provider.smartos-cluster
2020/05/29 11:35:37 [TRACE] <root>: eval: terraform.EvalNoop
2020/05/29 11:35:37 [TRACE] <root>: eval: *terraform.EvalOpFilter
2020/05/29 11:35:37 [TRACE] <root>: eval: *terraform.EvalSequence
2020/05/29 11:35:37 [TRACE] <root>: eval: *terraform.EvalGetProvider
2020/05/29 11:35:37 [TRACE] <root>: eval: *terraform.EvalValidateProvider
2020/05/29 11:35:37 [TRACE] buildProviderConfig for provider.smartos-cluster: using explicit config only
2020/05/29 11:35:37 [TRACE] GRPCProvider: GetSchema
2020/05/29 11:35:37 [TRACE] GRPCProvider: PrepareProviderConfig
2020/05/29 11:35:37 [TRACE] <root>: eval: terraform.EvalNoop
2020/05/29 11:35:37 [TRACE] <root>: eval: terraform.EvalNoop
2020/05/29 11:35:37 [TRACE] [walkValidate] Exiting eval tree: provider.smartos-cluster
2020/05/29 11:35:37 [TRACE] vertex "provider.smartos-cluster": visit complete
2020/05/29 11:35:37 [TRACE] dag/walk: visiting "data.smartos-cluster_image.illumos"
2020/05/29 11:35:37 [TRACE] vertex "data.smartos-cluster_image.illumos": starting visit (*terraform.NodeValidatableResource)
2020/05/29 11:35:37 [TRACE] vertex "data.smartos-cluster_image.illumos": evaluating
2020/05/29 11:35:37 [TRACE] [walkValidate] Entering eval tree: data.smartos-cluster_image.illumos
2020/05/29 11:35:37 [TRACE] <root>: eval: *terraform.EvalSequence
2020/05/29 11:35:37 [TRACE] <root>: eval: *terraform.EvalGetProvider
2020/05/29 11:35:37 [TRACE] <root>: eval: *terraform.EvalValidateResource
2020/05/29 11:35:37 [TRACE] GRPCProvider: ValidateDataSourceConfig
2020/05/29 11:35:37 [TRACE] [walkValidate] Exiting eval tree: data.smartos-cluster_image.illumos
2020/05/29 11:35:37 [TRACE] vertex "data.smartos-cluster_image.illumos": visit complete
2020/05/29 11:35:37 [TRACE] dag/walk: visiting "smartos-cluster_machine.illumos"
2020/05/29 11:35:37 [TRACE] vertex "smartos-cluster_machine.illumos": starting visit (*terraform.NodeValidatableResource)
2020/05/29 11:35:37 [TRACE] vertex "smartos-cluster_machine.illumos": evaluating
2020/05/29 11:35:37 [TRACE] [walkValidate] Entering eval tree: smartos-cluster_machine.illumos
2020/05/29 11:35:37 [TRACE] <root>: eval: *terraform.EvalSequence
2020/05/29 11:35:37 [TRACE] <root>: eval: *terraform.EvalGetProvider
2020/05/29 11:35:37 [TRACE] <root>: eval: *terraform.EvalValidateResource
2020/05/29 11:35:37 [TRACE] GRPCProvider: ValidateResourceTypeConfig
2020/05/29 11:35:37 [TRACE] <root>: eval: *terraform.EvalGetProvisioner
2020/05/29 11:35:37 [TRACE] <root>: eval: *terraform.EvalValidateProvisioner
2020/05/29 11:35:37 [TRACE] [walkValidate] Exiting eval tree: smartos-cluster_machine.illumos
2020/05/29 11:35:37 [TRACE] vertex "smartos-cluster_machine.illumos": visit complete
2020/05/29 11:35:37 [TRACE] dag/walk: visiting "provisioner.remote-exec (close)"
2020/05/29 11:35:37 [TRACE] vertex "provisioner.remote-exec (close)": starting visit (*terraform.graphNodeCloseProvisioner)
2020/05/29 11:35:37 [TRACE] vertex "provisioner.remote-exec (close)": evaluating
2020/05/29 11:35:37 [TRACE] [walkValidate] Entering eval tree: provisioner.remote-exec (close)
2020/05/29 11:35:37 [TRACE] dag/walk: visiting "meta.count-boundary (EachMode fixup)"
2020/05/29 11:35:37 [TRACE] dag/walk: visiting "provider.smartos-cluster (close)"
2020/05/29 11:35:37 [TRACE] vertex "provider.smartos-cluster (close)": starting visit (*terraform.graphNodeCloseProvider)
2020/05/29 11:35:37 [TRACE] vertex "provider.smartos-cluster (close)": evaluating
2020/05/29 11:35:37 [TRACE] [walkValidate] Entering eval tree: provider.smartos-cluster (close)
2020/05/29 11:35:37 [TRACE] <root>: eval: *terraform.EvalCloseProvider
2020/05/29 11:35:37 [TRACE] GRPCProvider: Close
2020/05/29 11:35:37 [TRACE] vertex "meta.count-boundary (EachMode fixup)": starting visit (*terraform.NodeCountBoundary)
2020/05/29 11:35:37 [TRACE] vertex "meta.count-boundary (EachMode fixup)": evaluating
2020/05/29 11:35:37 [TRACE] [walkValidate] Entering eval tree: meta.count-boundary (EachMode fixup)
2020/05/29 11:35:37 [TRACE] <root>: eval: *terraform.EvalCountFixZeroOneBoundaryGlobal
2020/05/29 11:35:37 [TRACE] <root>: eval: *terraform.EvalCloseProvisioner
2020/05/29 11:35:37 [TRACE] [walkValidate] Exiting eval tree: meta.count-boundary (EachMode fixup)
2020/05/29 11:35:37 [TRACE] vertex "meta.count-boundary (EachMode fixup)": visit complete
2020-05-29T11:35:37.529-0700 [DEBUG] plugin: plugin process exited: path=/Users/johnt/.terraform.d/plugins/darwin_amd64/terraform-provider-smartos-cluster pid=75070
2020-05-29T11:35:37.529-0700 [DEBUG] plugin: plugin exited
2020/05/29 11:35:37 [TRACE] [walkValidate] Exiting eval tree: provider.smartos-cluster (close)
2020/05/29 11:35:37 [TRACE] vertex "provider.smartos-cluster (close)": visit complete
2020-05-29T11:35:37.531-0700 [DEBUG] plugin: plugin process exited: path=/usr/local/bin/terraform pid=75068
2020-05-29T11:35:37.531-0700 [DEBUG] plugin: plugin exited
2020/05/29 11:35:37 [TRACE] [walkValidate] Exiting eval tree: provisioner.remote-exec (close)
2020/05/29 11:35:37 [TRACE] vertex "provisioner.remote-exec (close)": visit complete
2020/05/29 11:35:37 [TRACE] dag/walk: visiting "root"
2020/05/29 11:35:37 [TRACE] vertex "root": starting visit (terraform.graphNodeRoot)
2020/05/29 11:35:37 [TRACE] vertex "root": visit complete
2020/05/29 11:35:37 [INFO] backend/local: apply calling Refresh
2020/05/29 11:35:37 [INFO] terraform: building graph: GraphTypeRefresh
2020/05/29 11:35:37 [TRACE] Executing graph transform *terraform.ConfigTransformer
2020/05/29 11:35:37 [TRACE] ConfigTransformer: Starting for path: 
2020/05/29 11:35:37 [TRACE] Completed graph transform *terraform.ConfigTransformer with new graph:
  smartos-cluster_machine.illumos - *terraform.NodeRefreshableManagedResource
  ------
2020/05/29 11:35:37 [TRACE] Executing graph transform *terraform.ConfigTransformer
2020/05/29 11:35:37 [TRACE] ConfigTransformer: Starting for path: 
2020/05/29 11:35:37 [TRACE] Completed graph transform *terraform.ConfigTransformer with new graph:
  data.smartos-cluster_image.illumos - *terraform.NodeRefreshableDataResource
  smartos-cluster_machine.illumos - *terraform.NodeRefreshableManagedResource
  ------
2020/05/29 11:35:37 [TRACE] Executing graph transform *terraform.OrphanResourceInstanceTransformer
2020/05/29 11:35:37 [TRACE] Completed graph transform *terraform.OrphanResourceInstanceTransformer (no changes)
2020/05/29 11:35:37 [TRACE] Executing graph transform *terraform.StateTransformer
2020/05/29 11:35:37 [TRACE] StateTransformer: creating nodes for deposed instance objects only
2020/05/29 11:35:37 [TRACE] Completed graph transform *terraform.StateTransformer (no changes)
2020/05/29 11:35:37 [TRACE] Executing graph transform *terraform.AttachStateTransformer
2020/05/29 11:35:37 [TRACE] Completed graph transform *terraform.AttachStateTransformer (no changes)
2020/05/29 11:35:37 [TRACE] Executing graph transform *terraform.AttachResourceConfigTransformer
2020/05/29 11:35:37 [TRACE] AttachResourceConfigTransformer: attaching to "smartos-cluster_machine.illumos" (*terraform.NodeRefreshableManagedResource) config from sample.tf:14,1-45
2020/05/29 11:35:37 [TRACE] AttachResourceConfigTransformer: attaching to "data.smartos-cluster_image.illumos" (*terraform.NodeRefreshableDataResource) config from hcl.Range{Filename:"sample.tf", Start:hcl.Pos{Line:8, Column:1, Byte:102}, End:hcl.Pos{Line:8, Column:39, Byte:140}}
2020/05/29 11:35:37 [TRACE] Completed graph transform *terraform.AttachResourceConfigTransformer (no changes)
2020/05/29 11:35:37 [TRACE] Executing graph transform *terraform.RootVariableTransformer
2020/05/29 11:35:37 [TRACE] Completed graph transform *terraform.RootVariableTransformer (no changes)
2020/05/29 11:35:37 [TRACE] Executing graph transform *terraform.LocalTransformer
2020/05/29 11:35:37 [TRACE] Completed graph transform *terraform.LocalTransformer (no changes)
2020/05/29 11:35:37 [TRACE] Executing graph transform *terraform.OutputTransformer
2020/05/29 11:35:37 [TRACE] Completed graph transform *terraform.OutputTransformer (no changes)
2020/05/29 11:35:37 [TRACE] Executing graph transform *terraform.ModuleVariableTransformer
2020/05/29 11:35:37 [TRACE] Completed graph transform *terraform.ModuleVariableTransformer (no changes)
2020/05/29 11:35:37 [TRACE] Executing graph transform *terraform.graphTransformerMulti
2020/05/29 11:35:37 [TRACE] (graphTransformerMulti) Executing graph transform *terraform.ProviderConfigTransformer
2020/05/29 11:35:37 [TRACE] ProviderConfigTransformer: attaching to "provider.smartos-cluster" provider configuration from sample.tf:1,1-27
2020/05/29 11:35:37 [TRACE] (graphTransformerMulti) Completed graph transform *terraform.ProviderConfigTransformer with new graph:
  data.smartos-cluster_image.illumos - *terraform.NodeRefreshableDataResource
  provider.smartos-cluster - *terraform.NodeApplyableProvider
  smartos-cluster_machine.illumos - *terraform.NodeRefreshableManagedResource
  ------
2020/05/29 11:35:37 [TRACE] (graphTransformerMulti) Executing graph transform *terraform.MissingProviderTransformer
2020/05/29 11:35:37 [TRACE] (graphTransformerMulti) Completed graph transform *terraform.MissingProviderTransformer (no changes)
2020/05/29 11:35:37 [TRACE] (graphTransformerMulti) Executing graph transform *terraform.ProviderTransformer
2020/05/29 11:35:37 [TRACE] ProviderTransformer: smartos-cluster_machine.illumos is provided by provider.smartos-cluster or inherited equivalent
2020/05/29 11:35:37 [TRACE] ProviderTransformer: data.smartos-cluster_image.illumos is provided by provider.smartos-cluster or inherited equivalent
2020/05/29 11:35:37 [TRACE] ProviderTransformer: exact match for provider.smartos-cluster serving smartos-cluster_machine.illumos
2020/05/29 11:35:37 [DEBUG] ProviderTransformer: "smartos-cluster_machine.illumos" (*terraform.NodeRefreshableManagedResource) needs provider.smartos-cluster
2020/05/29 11:35:37 [TRACE] ProviderTransformer: exact match for provider.smartos-cluster serving data.smartos-cluster_image.illumos
2020/05/29 11:35:37 [DEBUG] ProviderTransformer: "data.smartos-cluster_image.illumos" (*terraform.NodeRefreshableDataResource) needs provider.smartos-cluster
2020/05/29 11:35:37 [TRACE] (graphTransformerMulti) Completed graph transform *terraform.ProviderTransformer with new graph:
  data.smartos-cluster_image.illumos - *terraform.NodeRefreshableDataResource
    provider.smartos-cluster - *terraform.NodeApplyableProvider
  provider.smartos-cluster - *terraform.NodeApplyableProvider
  smartos-cluster_machine.illumos - *terraform.NodeRefreshableManagedResource
    provider.smartos-cluster - *terraform.NodeApplyableProvider
  ------
2020/05/29 11:35:37 [TRACE] (graphTransformerMulti) Executing graph transform *terraform.PruneProviderTransformer
2020/05/29 11:35:37 [TRACE] (graphTransformerMulti) Completed graph transform *terraform.PruneProviderTransformer (no changes)
2020/05/29 11:35:37 [TRACE] (graphTransformerMulti) Executing graph transform *terraform.ParentProviderTransformer
2020/05/29 11:35:37 [TRACE] (graphTransformerMulti) Completed graph transform *terraform.ParentProviderTransformer (no changes)
2020/05/29 11:35:37 [TRACE] Completed graph transform *terraform.graphTransformerMulti with new graph:
  data.smartos-cluster_image.illumos - *terraform.NodeRefreshableDataResource
    provider.smartos-cluster - *terraform.NodeApplyableProvider
  provider.smartos-cluster - *terraform.NodeApplyableProvider
  smartos-cluster_machine.illumos - *terraform.NodeRefreshableManagedResource
    provider.smartos-cluster - *terraform.NodeApplyableProvider
  ------
2020/05/29 11:35:37 [TRACE] Executing graph transform *terraform.AttachSchemaTransformer
2020/05/29 11:35:37 [TRACE] AttachSchemaTransformer: attaching resource schema to smartos-cluster_machine.illumos
2020/05/29 11:35:37 [TRACE] AttachSchemaTransformer: attaching provisioner "remote-exec" config schema to smartos-cluster_machine.illumos
2020/05/29 11:35:37 [TRACE] AttachSchemaTransformer: attaching resource schema to data.smartos-cluster_image.illumos
2020/05/29 11:35:37 [TRACE] AttachSchemaTransformer: attaching provider config schema to provider.smartos-cluster
2020/05/29 11:35:37 [TRACE] Completed graph transform *terraform.AttachSchemaTransformer (no changes)
2020/05/29 11:35:37 [TRACE] Executing graph transform *terraform.ReferenceTransformer
2020/05/29 11:35:37 [DEBUG] ReferenceTransformer: "smartos-cluster_machine.illumos" references: [data.smartos-cluster_image.illumos]
2020/05/29 11:35:37 [DEBUG] ReferenceTransformer: "data.smartos-cluster_image.illumos" references: []
2020/05/29 11:35:37 [DEBUG] ReferenceTransformer: "provider.smartos-cluster" references: []
2020/05/29 11:35:37 [TRACE] Completed graph transform *terraform.ReferenceTransformer with new graph:
  data.smartos-cluster_image.illumos - *terraform.NodeRefreshableDataResource
    provider.smartos-cluster - *terraform.NodeApplyableProvider
  provider.smartos-cluster - *terraform.NodeApplyableProvider
  smartos-cluster_machine.illumos - *terraform.NodeRefreshableManagedResource
    data.smartos-cluster_image.illumos - *terraform.NodeRefreshableDataResource
    provider.smartos-cluster - *terraform.NodeApplyableProvider
  ------
2020/05/29 11:35:37 [TRACE] Executing graph transform *terraform.AttachDependenciesTransformer
2020/05/29 11:35:37 [TRACE] AttachDependenciesTransformer: smartos-cluster_machine.illumos depends on []
2020/05/29 11:35:37 [TRACE] Completed graph transform *terraform.AttachDependenciesTransformer (no changes)
2020/05/29 11:35:37 [TRACE] Executing graph transform *terraform.TargetsTransformer
2020/05/29 11:35:37 [TRACE] Completed graph transform *terraform.TargetsTransformer (no changes)
2020/05/29 11:35:37 [TRACE] Executing graph transform *terraform.CloseProviderTransformer
2020/05/29 11:35:37 [TRACE] Completed graph transform *terraform.CloseProviderTransformer with new graph:
  data.smartos-cluster_image.illumos - *terraform.NodeRefreshableDataResource
    provider.smartos-cluster - *terraform.NodeApplyableProvider
  provider.smartos-cluster - *terraform.NodeApplyableProvider
  provider.smartos-cluster (close) - *terraform.graphNodeCloseProvider
    data.smartos-cluster_image.illumos - *terraform.NodeRefreshableDataResource
    provider.smartos-cluster - *terraform.NodeApplyableProvider
    smartos-cluster_machine.illumos - *terraform.NodeRefreshableManagedResource
  smartos-cluster_machine.illumos - *terraform.NodeRefreshableManagedResource
    data.smartos-cluster_image.illumos - *terraform.NodeRefreshableDataResource
    provider.smartos-cluster - *terraform.NodeApplyableProvider
  ------
2020/05/29 11:35:37 [TRACE] Executing graph transform *terraform.RootTransformer
2020/05/29 11:35:37 [TRACE] Completed graph transform *terraform.RootTransformer (no changes)
2020/05/29 11:35:37 [TRACE] Executing graph transform *terraform.TransitiveReductionTransformer
2020/05/29 11:35:37 [TRACE] Completed graph transform *terraform.TransitiveReductionTransformer with new graph:
  data.smartos-cluster_image.illumos - *terraform.NodeRefreshableDataResource
    provider.smartos-cluster - *terraform.NodeApplyableProvider
  provider.smartos-cluster - *terraform.NodeApplyableProvider
  provider.smartos-cluster (close) - *terraform.graphNodeCloseProvider
    smartos-cluster_machine.illumos - *terraform.NodeRefreshableManagedResource
  smartos-cluster_machine.illumos - *terraform.NodeRefreshableManagedResource
    data.smartos-cluster_image.illumos - *terraform.NodeRefreshableDataResource
  ------
2020/05/29 11:35:37 [DEBUG] Starting graph walk: walkRefresh
2020/05/29 11:35:37 [TRACE] dag/walk: updating graph
2020/05/29 11:35:37 [TRACE] dag/walk: added new vertex: "smartos-cluster_machine.illumos"
2020/05/29 11:35:37 [TRACE] dag/walk: added new vertex: "data.smartos-cluster_image.illumos"
2020/05/29 11:35:37 [TRACE] dag/walk: added new vertex: "provider.smartos-cluster"
2020/05/29 11:35:37 [TRACE] dag/walk: added new vertex: "provider.smartos-cluster (close)"
2020/05/29 11:35:37 [TRACE] dag/walk: added edge: "smartos-cluster_machine.illumos" waiting on "data.smartos-cluster_image.illumos"
2020/05/29 11:35:37 [TRACE] dag/walk: added edge: "provider.smartos-cluster (close)" waiting on "smartos-cluster_machine.illumos"
2020/05/29 11:35:37 [TRACE] dag/walk: added edge: "data.smartos-cluster_image.illumos" waiting on "provider.smartos-cluster"
2020/05/29 11:35:37 [TRACE] dag/walk: dependencies changed for "smartos-cluster_machine.illumos", sending new deps
2020/05/29 11:35:37 [TRACE] dag/walk: dependencies changed for "provider.smartos-cluster (close)", sending new deps
2020/05/29 11:35:37 [TRACE] dag/walk: dependencies changed for "data.smartos-cluster_image.illumos", sending new deps
2020/05/29 11:35:37 [TRACE] dag/walk: visiting "provider.smartos-cluster"
2020/05/29 11:35:37 [TRACE] vertex "provider.smartos-cluster": starting visit (*terraform.NodeApplyableProvider)
2020/05/29 11:35:37 [TRACE] vertex "provider.smartos-cluster": evaluating
2020/05/29 11:35:37 [TRACE] [walkRefresh] Entering eval tree: provider.smartos-cluster
2020/05/29 11:35:37 [TRACE] <root>: eval: *terraform.EvalSequence
2020/05/29 11:35:37 [TRACE] <root>: eval: *terraform.EvalInitProvider
2020-05-29T11:35:37.532-0700 [INFO]  plugin: configuring client automatic mTLS
2020-05-29T11:35:37.555-0700 [DEBUG] plugin: starting plugin: path=/Users/johnt/.terraform.d/plugins/darwin_amd64/terraform-provider-smartos-cluster args=[/Users/johnt/.terraform.d/plugins/darwin_amd64/terraform-provider-smartos-cluster]
2020-05-29T11:35:37.557-0700 [DEBUG] plugin: plugin started: path=/Users/johnt/.terraform.d/plugins/darwin_amd64/terraform-provider-smartos-cluster pid=75071
2020-05-29T11:35:37.557-0700 [DEBUG] plugin: waiting for RPC address: path=/Users/johnt/.terraform.d/plugins/darwin_amd64/terraform-provider-smartos-cluster
2020-05-29T11:35:37.575-0700 [INFO]  plugin.terraform-provider-smartos-cluster: configuring server automatic mTLS: timestamp=2020-05-29T11:35:37.575-0700
2020-05-29T11:35:37.597-0700 [DEBUG] plugin: using plugin: version=5
2020-05-29T11:35:37.597-0700 [DEBUG] plugin.terraform-provider-smartos-cluster: plugin address: address=/var/folders/nr/dj9dgghd1hg0ngvnsfhdc4z80000gn/T/plugin298040362 network=unix timestamp=2020-05-29T11:35:37.597-0700
2020/05/29 11:35:37 [TRACE] BuiltinEvalContext: Initialized "smartos-cluster" provider for provider.smartos-cluster
2020/05/29 11:35:37 [TRACE] <root>: eval: terraform.EvalNoop
2020/05/29 11:35:37 [TRACE] <root>: eval: terraform.EvalNoop
2020/05/29 11:35:37 [TRACE] <root>: eval: *terraform.EvalOpFilter
2020/05/29 11:35:37 [TRACE] <root>: eval: *terraform.EvalSequence
2020/05/29 11:35:37 [TRACE] <root>: eval: *terraform.EvalGetProvider
2020/05/29 11:35:37 [TRACE] <root>: eval: *terraform.EvalOpFilter
2020/05/29 11:35:37 [TRACE] <root>: eval: *terraform.EvalSequence
2020/05/29 11:35:37 [TRACE] <root>: eval: *terraform.EvalConfigProvider
2020/05/29 11:35:37 [TRACE] buildProviderConfig for provider.smartos-cluster: using explicit config only
2020/05/29 11:35:37 [TRACE] GRPCProvider: GetSchema
2020/05/29 11:35:37 [TRACE] GRPCProvider: Configure
2020/05/29 11:35:37 [TRACE] [walkRefresh] Exiting eval tree: provider.smartos-cluster
2020/05/29 11:35:37 [TRACE] vertex "provider.smartos-cluster": visit complete
2020/05/29 11:35:37 [TRACE] dag/walk: visiting "data.smartos-cluster_image.illumos"
2020/05/29 11:35:37 [TRACE] vertex "data.smartos-cluster_image.illumos": starting visit (*terraform.NodeRefreshableDataResource)
2020/05/29 11:35:37 [TRACE] vertex "data.smartos-cluster_image.illumos": expanding dynamic subgraph
2020/05/29 11:35:37 [TRACE] Executing graph transform *terraform.ResourceCountTransformer
2020/05/29 11:35:37 [TRACE] Completed graph transform *terraform.ResourceCountTransformer with new graph:
  data.smartos-cluster_image.illumos - *terraform.NodeRefreshableDataResourceInstance
  ------
2020/05/29 11:35:37 [TRACE] Executing graph transform *terraform.OrphanResourceCountTransformer
2020/05/29 11:35:37 [TRACE] Completed graph transform *terraform.OrphanResourceCountTransformer (no changes)
2020/05/29 11:35:37 [TRACE] Executing graph transform *terraform.AttachStateTransformer
2020/05/29 11:35:37 [TRACE] Completed graph transform *terraform.AttachStateTransformer (no changes)
2020/05/29 11:35:37 [TRACE] Executing graph transform *terraform.TargetsTransformer
2020/05/29 11:35:37 [TRACE] Completed graph transform *terraform.TargetsTransformer (no changes)
2020/05/29 11:35:37 [TRACE] Executing graph transform *terraform.ReferenceTransformer
2020/05/29 11:35:37 [DEBUG] ReferenceTransformer: "data.smartos-cluster_image.illumos" references: []
2020/05/29 11:35:37 [TRACE] Completed graph transform *terraform.ReferenceTransformer (no changes)
2020/05/29 11:35:37 [TRACE] Executing graph transform *terraform.RootTransformer
2020/05/29 11:35:37 [TRACE] Completed graph transform *terraform.RootTransformer (no changes)
2020/05/29 11:35:37 [TRACE] vertex "data.smartos-cluster_image.illumos": entering dynamic subgraph
2020/05/29 11:35:37 [TRACE] dag/walk: updating graph
2020/05/29 11:35:37 [TRACE] dag/walk: added new vertex: "data.smartos-cluster_image.illumos"
2020/05/29 11:35:37 [TRACE] dag/walk: visiting "data.smartos-cluster_image.illumos"
2020/05/29 11:35:37 [TRACE] vertex "data.smartos-cluster_image.illumos": starting visit (*terraform.NodeRefreshableDataResourceInstance)
2020/05/29 11:35:37 [TRACE] vertex "data.smartos-cluster_image.illumos": evaluating
2020/05/29 11:35:37 [TRACE] [walkRefresh] Entering eval tree: data.smartos-cluster_image.illumos
2020/05/29 11:35:37 [TRACE] <root>: eval: *terraform.EvalSequence
2020/05/29 11:35:37 [TRACE] <root>: eval: *terraform.EvalGetProvider
2020/05/29 11:35:37 [TRACE] <root>: eval: *terraform.EvalWriteState
2020/05/29 11:35:37 [TRACE] EvalWriteState: removing state object for data.smartos-cluster_image.illumos
2020/05/29 11:35:37 [TRACE] <root>: eval: *terraform.EvalReadData
2020/05/29 11:35:37 [TRACE] EvalReadData: working on data.smartos-cluster_image.illumos
2020/05/29 11:35:37 [TRACE] Re-validating config for data.smartos-cluster_image.illumos
2020/05/29 11:35:37 [TRACE] GRPCProvider: ValidateDataSourceConfig
2020/05/29 11:35:37 [TRACE] EvalReadData: data.smartos-cluster_image.illumos configuration is complete, so reading from provider
2020/05/29 11:35:37 [TRACE] GRPCProvider: ReadDataSource
2020-05-29T11:35:37.648-0700 [DEBUG] plugin.terraform-provider-smartos-cluster: 2020/05/29 11:35:37 SSH: Connecting to host: r620 at 10.99.50.1:22
2020-05-29T11:35:37.960-0700 [DEBUG] plugin.terraform-provider-smartos-cluster: 2020/05/29 11:35:37 SSH: Connected successfully
2020-05-29T11:35:38.568-0700 [DEBUG] plugin.terraform-provider-smartos-cluster: 2020/05/29 11:35:38 Returned data: [
2020-05-29T11:35:38.568-0700 [DEBUG] plugin.terraform-provider-smartos-cluster:   {
2020-05-29T11:35:38.568-0700 [DEBUG] plugin.terraform-provider-smartos-cluster:     "manifest": {
2020-05-29T11:35:38.568-0700 [DEBUG] plugin.terraform-provider-smartos-cluster:       "v": 2,
2020-05-29T11:35:38.568-0700 [DEBUG] plugin.terraform-provider-smartos-cluster:       "uuid": "c193a558-1d63-11e9-97cf-97bb3ee5c14f",
2020-05-29T11:35:38.568-0700 [DEBUG] plugin.terraform-provider-smartos-cluster:       "owner": "00000000-0000-0000-0000-000000000000",
2020-05-29T11:35:38.568-0700 [DEBUG] plugin.terraform-provider-smartos-cluster:       "name": "base-64-lts",
2020-05-29T11:35:38.568-0700 [DEBUG] plugin.terraform-provider-smartos-cluster:       "version": "18.4.0",
2020-05-29T11:35:38.568-0700 [DEBUG] plugin.terraform-provider-smartos-cluster:       "state": "active",
2020-05-29T11:35:38.568-0700 [DEBUG] plugin.terraform-provider-smartos-cluster:       "disabled": false,
2020-05-29T11:35:38.568-0700 [DEBUG] plugin.terraform-provider-smartos-cluster:       "public": true,
2020-05-29T11:35:38.568-0700 [DEBUG] plugin.terraform-provider-smartos-cluster:       "published_at": "2019-01-21T10:03:09Z",
2020-05-29T11:35:38.568-0700 [DEBUG] plugin.terraform-provider-smartos-cluster:       "type": "zone-dataset",
2020-05-29T11:35:38.568-0700 [DEBUG] plugin.terraform-provider-smartos-cluster:       "os": "smartos",
2020-05-29T11:35:38.568-0700 [DEBUG] plugin.terraform-provider-smartos-cluster:       "files": [
2020-05-29T11:35:38.568-0700 [DEBUG] plugin.terraform-provider-smartos-cluster:         {
2020-05-29T11:35:38.568-0700 [DEBUG] plugin.terraform-provider-smartos-cluster:           "sha1": "f8aa4579144cd7303046f0135aa2044c88e497e8",
2020-05-29T11:35:38.568-0700 [DEBUG] plugin.terraform-provider-smartos-cluster:           "size": 155843390,
2020-05-29T11:35:38.568-0700 [DEBUG] plugin.terraform-provider-smartos-cluster:           "compression": "gzip"
2020-05-29T11:35:38.568-0700 [DEBUG] plugin.terraform-provider-smartos-cluster:         }
2020-05-29T11:35:38.568-0700 [DEBUG] plugin.terraform-provider-smartos-cluster:       ],
2020-05-29T11:35:38.568-0700 [DEBUG] plugin.terraform-provider-smartos-cluster:       "description": "A 64-bit SmartOS image with just essential packages installed. Ideal for users who are comfortable with setting up their own environment and tools.",
2020-05-29T11:35:38.568-0700 [DEBUG] plugin.terraform-provider-smartos-cluster:       "homepage": "https://docs.joyent.com/images/smartos/base",
2020-05-29T11:35:38.568-0700 [DEBUG] plugin.terraform-provider-smartos-cluster:       "urn": "sdc:sdc:base-64-lts:18.4.0",
2020-05-29T11:35:38.568-0700 [DEBUG] plugin.terraform-provider-smartos-cluster:       "requirements": {
2020-05-29T11:35:38.568-0700 [DEBUG] plugin.terraform-provider-smartos-cluster:         "min_platform": {
2020-05-29T11:35:38.568-0700 [DEBUG] plugin.terraform-provider-smartos-cluster:           "7.0": "20141030T081701Z"
2020-05-29T11:35:38.568-0700 [DEBUG] plugin.terraform-provider-smartos-cluster:         },
2020-05-29T11:35:38.568-0700 [DEBUG] plugin.terraform-provider-smartos-cluster:         "networks": [
2020-05-29T11:35:38.568-0700 [DEBUG] plugin.terraform-provider-smartos-cluster:           {
2020-05-29T11:35:38.568-0700 [DEBUG] plugin.terraform-provider-smartos-cluster:             "name": "net0",
2020-05-29T11:35:38.568-0700 [DEBUG] plugin.terraform-provider-smartos-cluster:             "description": "public"
2020-05-29T11:35:38.568-0700 [DEBUG] plugin.terraform-provider-smartos-cluster:           }
2020-05-29T11:35:38.568-0700 [DEBUG] plugin.terraform-provider-smartos-cluster:         ]
2020-05-29T11:35:38.568-0700 [DEBUG] plugin.terraform-provider-smartos-cluster:       },
2020-05-29T11:35:38.568-0700 [DEBUG] plugin.terraform-provider-smartos-cluster:       "tags": {
2020-05-29T11:35:38.568-0700 [DEBUG] plugin.terraform-provider-smartos-cluster:         "role": "os",
2020-05-29T11:35:38.568-0700 [DEBUG] plugin.terraform-provider-smartos-cluster:         "group": "base-64-lts"
2020-05-29T11:35:38.568-0700 [DEBUG] plugin.terraform-provider-smartos-cluster:       },
2020-05-29T11:35:38.568-0700 [DEBUG] plugin.terraform-provider-smartos-cluster:       "published_date": "2019-01-21",
2020-05-29T11:35:38.568-0700 [DEBUG] plugin.terraform-provider-smartos-cluster:       "pub": "2019-01-21",
2020-05-29T11:35:38.568-0700 [DEBUG] plugin.terraform-provider-smartos-cluster:       "published": "2019-01-21T10:03:09Z",
2020-05-29T11:35:38.568-0700 [DEBUG] plugin.terraform-provider-smartos-cluster:       "source": "https://images.joyent.com",
2020-05-29T11:35:38.568-0700 [DEBUG] plugin.terraform-provider-smartos-cluster:       "clones": 1,
2020-05-29T11:35:38.568-0700 [DEBUG] plugin.terraform-provider-smartos-cluster:       "zpool": "zones",
2020-05-29T11:35:38.568-0700 [DEBUG] plugin.terraform-provider-smartos-cluster:       "size": 155843390
2020-05-29T11:35:38.568-0700 [DEBUG] plugin.terraform-provider-smartos-cluster:     },
2020-05-29T11:35:38.568-0700 [DEBUG] plugin.terraform-provider-smartos-cluster:     "zpool": "zones",
2020-05-29T11:35:38.568-0700 [DEBUG] plugin.terraform-provider-smartos-cluster:     "source": "https://images.joyent.com",
2020-05-29T11:35:38.568-0700 [DEBUG] plugin.terraform-provider-smartos-cluster:     "cloneNames": [
2020-05-29T11:35:38.568-0700 [DEBUG] plugin.terraform-provider-smartos-cluster:       "zones/37611d15-ca11-c84b-8d04-a81dd7b5dfdf"
2020-05-29T11:35:38.568-0700 [DEBUG] plugin.terraform-provider-smartos-cluster:     ],
2020-05-29T11:35:38.568-0700 [DEBUG] plugin.terraform-provider-smartos-cluster:     "clones": 1
2020-05-29T11:35:38.568-0700 [DEBUG] plugin.terraform-provider-smartos-cluster:   }
2020-05-29T11:35:38.568-0700 [DEBUG] plugin.terraform-provider-smartos-cluster: ]
2020/05/29 11:35:38 [TRACE] <root>: eval: *terraform.EvalIf
2020/05/29 11:35:38 [TRACE] <root>: eval: *terraform.EvalSequence
2020/05/29 11:35:38 [TRACE] <root>: eval: *terraform.EvalWriteState
2020/05/29 11:35:38 [TRACE] EvalWriteState: writing current state object for data.smartos-cluster_image.illumos
2020/05/29 11:35:38 [TRACE] <root>: eval: *terraform.EvalUpdateStateHook
2020/05/29 11:35:38 [TRACE] [walkRefresh] Exiting eval tree: data.smartos-cluster_image.illumos
2020/05/29 11:35:38 [TRACE] vertex "data.smartos-cluster_image.illumos": visit complete
2020/05/29 11:35:38 [TRACE] vertex "data.smartos-cluster_image.illumos": dynamic subgraph completed successfully
2020/05/29 11:35:38 [TRACE] vertex "data.smartos-cluster_image.illumos": visit complete
2020/05/29 11:35:38 [TRACE] dag/walk: visiting "smartos-cluster_machine.illumos"
2020/05/29 11:35:38 [TRACE] vertex "smartos-cluster_machine.illumos": starting visit (*terraform.NodeRefreshableManagedResource)
2020/05/29 11:35:38 [TRACE] vertex "smartos-cluster_machine.illumos": expanding dynamic subgraph
2020/05/29 11:35:38 [TRACE] Executing graph transform *terraform.ResourceCountTransformer
2020/05/29 11:35:38 [TRACE] Completed graph transform *terraform.ResourceCountTransformer with new graph:
  smartos-cluster_machine.illumos - *terraform.NodeRefreshableManagedResourceInstance
  ------
2020/05/29 11:35:38 [TRACE] Executing graph transform *terraform.OrphanResourceCountTransformer
2020/05/29 11:35:38 [TRACE] Completed graph transform *terraform.OrphanResourceCountTransformer (no changes)
2020/05/29 11:35:38 [TRACE] Executing graph transform *terraform.AttachStateTransformer
2020/05/29 11:35:38 [TRACE] Completed graph transform *terraform.AttachStateTransformer (no changes)
2020/05/29 11:35:38 [TRACE] Executing graph transform *terraform.TargetsTransformer
2020/05/29 11:35:38 [TRACE] Completed graph transform *terraform.TargetsTransformer (no changes)
2020/05/29 11:35:38 [TRACE] Executing graph transform *terraform.ReferenceTransformer
2020/05/29 11:35:38 [WARN] no schema for provisioner "remote-exec" is attached to smartos-cluster_machine.illumos, so provisioner block references cannot be detected
2020/05/29 11:35:38 [WARN] no schema for provisioner "remote-exec" is attached to smartos-cluster_machine.illumos, so provisioner block references cannot be detected
2020/05/29 11:35:38 [DEBUG] ReferenceTransformer: "smartos-cluster_machine.illumos" references: []
2020/05/29 11:35:38 [TRACE] Completed graph transform *terraform.ReferenceTransformer (no changes)
2020/05/29 11:35:38 [TRACE] Executing graph transform *terraform.RootTransformer
2020/05/29 11:35:38 [TRACE] Completed graph transform *terraform.RootTransformer (no changes)
2020/05/29 11:35:38 [TRACE] vertex "smartos-cluster_machine.illumos": entering dynamic subgraph
2020/05/29 11:35:38 [TRACE] dag/walk: updating graph
2020/05/29 11:35:38 [TRACE] dag/walk: added new vertex: "smartos-cluster_machine.illumos"
2020/05/29 11:35:38 [TRACE] dag/walk: visiting "smartos-cluster_machine.illumos"
2020/05/29 11:35:38 [TRACE] vertex "smartos-cluster_machine.illumos": starting visit (*terraform.NodeRefreshableManagedResourceInstance)
2020/05/29 11:35:38 [TRACE] NodeRefreshableManagedResourceInstance: smartos-cluster_machine.illumos will be refreshed
2020/05/29 11:35:38 [TRACE] vertex "smartos-cluster_machine.illumos": evaluating
2020/05/29 11:35:38 [TRACE] [walkRefresh] Entering eval tree: smartos-cluster_machine.illumos
2020/05/29 11:35:38 [TRACE] <root>: eval: *terraform.EvalSequence
2020/05/29 11:35:38 [TRACE] <root>: eval: *terraform.EvalGetProvider
2020/05/29 11:35:38 [TRACE] <root>: eval: *terraform.EvalReadState
2020/05/29 11:35:38 [TRACE] EvalReadState: reading state for smartos-cluster_machine.illumos
2020/05/29 11:35:38 [TRACE] UpgradeResourceState: schema version of smartos-cluster_machine.illumos is still 0; calling provider "registry.terraform.io/-/smartos-cluster" for any other minor fixups
2020/05/29 11:35:38 [TRACE] GRPCProvider: UpgradeResourceState
2020/05/29 11:35:38 [TRACE] <root>: eval: *terraform.EvalRefreshDependencies
2020/05/29 11:35:38 [TRACE] <root>: eval: *terraform.EvalRefresh
2020/05/29 11:35:38 [TRACE] GRPCProvider: ReadResource
2020-05-29T11:35:38.572-0700 [DEBUG] plugin.terraform-provider-smartos-cluster: 2020/05/29 11:35:38 ---------------- MachineRead
2020-05-29T11:35:38.572-0700 [DEBUG] plugin.terraform-provider-smartos-cluster: 2020/05/29 11:35:38 ID Parse - NodeName: r620/, UUID: 37611d15-ca11-c84b-8d04-a81dd7b5dfdf
2020-05-29T11:35:38.574-0700 [DEBUG] plugin.terraform-provider-smartos-cluster: panic: interface conversion: interface {} is nil, not string
2020-05-29T11:35:38.574-0700 [DEBUG] plugin.terraform-provider-smartos-cluster: 
2020-05-29T11:35:38.574-0700 [DEBUG] plugin.terraform-provider-smartos-cluster: goroutine 87 [running]:
2020-05-29T11:35:38.574-0700 [DEBUG] plugin.terraform-provider-smartos-cluster: main.(*SmartOSClient).Connect(0xc0004e05f0, 0xc000505020, 0x5, 0xc00001c000, 0xc000146030)
2020-05-29T11:35:38.574-0700 [DEBUG] plugin.terraform-provider-smartos-cluster: 	/Users/johnt/go/src/github.com/john-terrell/terraform-provider-smartos-cluster/smartos_client.go:36 +0x4af
2020-05-29T11:35:38.574-0700 [DEBUG] plugin.terraform-provider-smartos-cluster: main.(*SmartOSClient).GetMachine(0xc0004e05f0, 0xc000505020, 0x5, 0x4bc811ca151d6137, 0xdfdfb5d71da8048d, 0x0, 0x0, 0x0)
2020-05-29T11:35:38.574-0700 [DEBUG] plugin.terraform-provider-smartos-cluster: 	/Users/johnt/go/src/github.com/john-terrell/terraform-provider-smartos-cluster/smartos_client.go:132 +0x84
2020-05-29T11:35:38.574-0700 [DEBUG] plugin.terraform-provider-smartos-cluster: main.resourceMachineRead(0xc00052a480, 0x1c70ac0, 0xc0004e05f0, 0xc00052a480, 0x0)
2020-05-29T11:35:38.574-0700 [DEBUG] plugin.terraform-provider-smartos-cluster: 	/Users/johnt/go/src/github.com/john-terrell/terraform-provider-smartos-cluster/resource_machine.go:476 +0x2bd
2020-05-29T11:35:38.574-0700 [DEBUG] plugin.terraform-provider-smartos-cluster: github.com/hashicorp/terraform/helper/schema.(*Resource).RefreshWithoutUpgrade(0xc0005d6080, 0xc000198380, 0x1c70ac0, 0xc0004e05f0, 0xc0005da650, 0x0, 0x0)
2020-05-29T11:35:38.574-0700 [DEBUG] plugin.terraform-provider-smartos-cluster: 	/Users/johnt/go/src/github.com/hashicorp/terraform/helper/schema/resource.go:466 +0x14b
2020-05-29T11:35:38.574-0700 [DEBUG] plugin.terraform-provider-smartos-cluster: github.com/hashicorp/terraform/helper/plugin.(*GRPCProviderServer).ReadResource(0xc0005da000, 0x1fe02c0, 0xc000878750, 0xc00009ade0, 0xc0005da000, 0xc000878750, 0xc000086a20)
2020-05-29T11:35:38.574-0700 [DEBUG] plugin.terraform-provider-smartos-cluster: 	/Users/johnt/go/src/github.com/hashicorp/terraform/helper/plugin/grpc_provider.go:543 +0x407
2020-05-29T11:35:38.574-0700 [DEBUG] plugin.terraform-provider-smartos-cluster: github.com/hashicorp/terraform/internal/tfplugin5._Provider_ReadResource_Handler(0x1cb2e60, 0xc0005da000, 0x1fe02c0, 0xc000878750, 0xc0004e1720, 0x0, 0x1fe02c0, 0xc000878750, 0xc00084ca00, 0x48c)
2020-05-29T11:35:38.575-0700 [DEBUG] plugin.terraform-provider-smartos-cluster: 	/Users/johnt/go/src/github.com/hashicorp/terraform/internal/tfplugin5/tfplugin5.pb.go:3267 +0x217
2020-05-29T11:35:38.575-0700 [DEBUG] plugin.terraform-provider-smartos-cluster: github.com/hashicorp/terraform/vendor/google.golang.org/grpc.(*Server).processUnaryRPC(0xc000602f00, 0x1feac40, 0xc00060e900, 0xc00087e000, 0xc0005d24e0, 0x27d83d0, 0x0, 0x0, 0x0)
2020-05-29T11:35:38.575-0700 [DEBUG] plugin.terraform-provider-smartos-cluster: 	/Users/johnt/go/src/github.com/hashicorp/terraform/vendor/google.golang.org/grpc/server.go:998 +0x46a
2020-05-29T11:35:38.575-0700 [DEBUG] plugin.terraform-provider-smartos-cluster: github.com/hashicorp/terraform/vendor/google.golang.org/grpc.(*Server).handleStream(0xc000602f00, 0x1feac40, 0xc00060e900, 0xc00087e000, 0x0)
2020-05-29T11:35:38.575-0700 [DEBUG] plugin.terraform-provider-smartos-cluster: 	/Users/johnt/go/src/github.com/hashicorp/terraform/vendor/google.golang.org/grpc/server.go:1278 +0xd3d
2020-05-29T11:35:38.575-0700 [DEBUG] plugin.terraform-provider-smartos-cluster: github.com/hashicorp/terraform/vendor/google.golang.org/grpc.(*Server).serveStreams.func1.1(0xc000134410, 0xc000602f00, 0x1feac40, 0xc00060e900, 0xc00087e000)
2020-05-29T11:35:38.575-0700 [DEBUG] plugin.terraform-provider-smartos-cluster: 	/Users/johnt/go/src/github.com/hashicorp/terraform/vendor/google.golang.org/grpc/server.go:717 +0xa1
2020-05-29T11:35:38.575-0700 [DEBUG] plugin.terraform-provider-smartos-cluster: created by github.com/hashicorp/terraform/vendor/google.golang.org/grpc.(*Server).serveStreams.func1
2020-05-29T11:35:38.575-0700 [DEBUG] plugin.terraform-provider-smartos-cluster: 	/Users/johnt/go/src/github.com/hashicorp/terraform/vendor/google.golang.org/grpc/server.go:715 +0xa1
2020-05-29T11:35:38.576-0700 [DEBUG] plugin: plugin process exited: path=/Users/johnt/.terraform.d/plugins/darwin_amd64/terraform-provider-smartos-cluster pid=75071 error="exit status 2"
2020/05/29 11:35:38 [ERROR] <root>: eval: *terraform.EvalRefresh, err: rpc error: code = Canceled desc = context canceled
2020/05/29 11:35:38 [ERROR] <root>: eval: *terraform.EvalSequence, err: rpc error: code = Canceled desc = context canceled
2020/05/29 11:35:38 [TRACE] [walkRefresh] Exiting eval tree: smartos-cluster_machine.illumos
2020/05/29 11:35:38 [TRACE] vertex "smartos-cluster_machine.illumos": visit complete
2020/05/29 11:35:38 [TRACE] vertex "smartos-cluster_machine.illumos": dynamic subgraph encountered errors
2020/05/29 11:35:38 [TRACE] vertex "smartos-cluster_machine.illumos": visit complete
2020/05/29 11:35:38 [TRACE] dag/walk: upstream of "provider.smartos-cluster (close)" errored, so skipping
2020/05/29 11:35:38 [TRACE] statemgr.Filesystem: removing lock metadata file .terraform.tfstate.lock.info
2020/05/29 11:35:38 [TRACE] statemgr.Filesystem: unlocking terraform.tfstate using fcntl flock
2020-05-29T11:35:38.577-0700 [DEBUG] plugin: plugin exited
